[     137ms] [LOG] [Fast Refresh] rebuilding @ http://localhost:3000/_next/static/chunks/node_modules_next_dist_1ybzpk2._.js:2477
[     553ms] [LOG] [Fast Refresh] done in 528ms @ http://localhost:3000/_next/static/chunks/node_modules_next_dist_1ybzpk2._.js:2477
[     932ms] [INFO] %cDownload the React DevTools for a better development experience: https://react.dev/link/react-devtools font-weight:bold @ http://localhost:3000/_next/static/chunks/node_modules_next_dist_1ybzpk2._.js:2477
[    1034ms] [LOG] [HMR] connected @ http://localhost:3000/_next/static/chunks/node_modules_next_dist_1ybzpk2._.js:2477
[  117453ms] [LOG] [Fast Refresh] rebuilding @ http://localhost:3000/_next/static/chunks/node_modules_next_dist_1ybzpk2._.js:2477
[  117743ms] [LOG] [Fast Refresh] done in 346ms @ http://localhost:3000/_next/static/chunks/node_modules_next_dist_1ybzpk2._.js:2477
[  117853ms] [LOG] [Fast Refresh] rebuilding @ http://localhost:3000/_next/static/chunks/node_modules_next_dist_1ybzpk2._.js:2477
[  118381ms] [LOG] [Fast Refresh] done in 632ms @ http://localhost:3000/_next/static/chunks/node_modules_next_dist_1ybzpk2._.js:2477
[  141246ms] [LOG] [Fast Refresh] rebuilding @ http://localhost:3000/_next/static/chunks/node_modules_next_dist_1ybzpk2._.js:2477
[  141744ms] [ERROR] ./src/app/listing/[id]/page.tsx:433:13
Expected '</', got 'jsx text'
  431 |         )}
  432 |
> 433 |       </div>
      |             ^^^^^^^^^^^^^^^^^^^^^^^^^^^^^^^^^^^^^^^^^^^^^^^^^^^^^^^^^^^^^^^^^^^^^^^^^^^^^^^^
> 434 |
      | ^
> 435 |       {/* --- FULLSCREEN LIGHTBOX MODAL --- */}
      | ^^^^^^
  436 |       {lightboxOpen && displayPhotos.length > 0 && (
  437 |         <div className="fixed inset-0 z-50 flex items-center justify-center bg-black/90 b...
  438 |

Parsing ecmascript source code failed

Import traces:
  Client Component Browser:
    ./src/app/listing/[id]/page.tsx [Client Component Browser]
    ./src/app/listing/[id]/page.tsx [Server Component]

  Client Component SSR:
    ./src/app/listing/[id]/page.tsx [Client Component SSR]
    ./src/app/listing/[id]/page.tsx [Server Component] @ http://localhost:3000/_next/static/chunks/node_modules_next_dist_1ybzpk2._.js:3318
[  141899ms] [LOG] [Fast Refresh] rebuilding @ http://localhost:3000/_next/static/chunks/node_modules_next_dist_1ybzpk2._.js:2477
[  145656ms] [ERROR] ./src/app/listing/[id]/page.tsx:433:13
Expected '</', got 'jsx text'
  431 |         )}
  432 |
> 433 |       </div>
      |             ^^^^^^^^^^^^^^^^^^^^^^^^^^^^^^^^^^^^^^^^^^^^^^^^^^^^^^^^^^^^^^^^^^^^^^^^^^^^^^^^
> 434 |
      | ^
> 435 |       {/* --- FULLSCREEN LIGHTBOX MODAL --- */}
      | ^^^^^^
  436 |       {lightboxOpen && displayPhotos.length > 0 && (
  437 |         <div className="fixed inset-0 z-50 flex items-center justify-center bg-black/90 b...
  438 |

Parsing ecmascript source code failed

Import traces:
  Client Component Browser:
    ./src/app/listing/[id]/page.tsx [Client Component Browser]
    ./src/app/listing/[id]/page.tsx [Server Component]

  Client Component SSR:
    ./src/app/listing/[id]/page.tsx [Client Component SSR]
    ./src/app/listing/[id]/page.tsx [Server Component] @ http://localhost:3000/_next/static/chunks/node_modules_next_dist_1ybzpk2._.js:3318
[  145657ms] [ERROR] Failed to load resource: the server responded with a status of 500 (Internal Server Error) @ http://localhost:3000/listing/543f2670-34c1-488c-8f9a-ea80fa23232c?_rsc=POrx4PlF6dEZYVxb:0
[  145789ms] [ERROR] Failed to load resource: the server responded with a status of 500 (Internal Server Error) @ http://localhost:3000/listing/543f2670-34c1-488c-8f9a-ea80fa23232c?_rsc=POrx4PlF6dEZYVxb:0
[  145806ms] [LOG] [Fast Refresh] rebuilding @ http://localhost:3000/_next/static/chunks/node_modules_next_dist_1ybzpk2._.js:2477
[  145807ms] [ERROR] ./src/app/listing/[id]/page.tsx:433:13
Expected '</', got 'jsx text'
  431 |         )}
  432 |
> 433 |       </div>
      |             ^^^^^^^^^^^^^^^^^^^^^^^^^^^^^^^^^^^^^^^^^^^^^^^^^^^^^^^^^^^^^^^^^^^^^^^^^^^^^^^^
> 434 |
      | ^
> 435 |       {/* --- FULLSCREEN LIGHTBOX MODAL --- */}
      | ^^^^^^
  436 |       {lightboxOpen && displayPhotos.length > 0 && (
  437 |         <div className="fixed inset-0 z-50 flex items-center justify-center bg-black/90 b...
  438 |

Parsing ecmascript source code failed

Import traces:
  Client Component Browser:
    ./src/app/listing/[id]/page.tsx [Client Component Browser]
    ./src/app/listing/[id]/page.tsx [Server Component]

  Client Component SSR:
    ./src/app/listing/[id]/page.tsx [Client Component SSR]
    ./src/app/listing/[id]/page.tsx [Server Component] @ http://localhost:3000/_next/static/chunks/node_modules_next_dist_1ybzpk2._.js:3318
[  145828ms] [ERROR] ./src/app/listing/[id]/page.tsx:433:13
Expected '</', got 'jsx text'
  431 |         )}
  432 |
> 433 |       </div>
      |             ^^^^^^^^^^^^^^^^^^^^^^^^^^^^^^^^^^^^^^^^^^^^^^^^^^^^^^^^^^^^^^^^^^^^^^^^^^^^^^^^
> 434 |
      | ^
> 435 |       {/* --- FULLSCREEN LIGHTBOX MODAL --- */}
      | ^^^^^^
  436 |       {lightboxOpen && displayPhotos.length > 0 && (
  437 |         <div className="fixed inset-0 z-50 flex items-center justify-center bg-black/90 b...
  438 |

Parsing ecmascript source code failed

Import traces:
  Client Component Browser:
    ./src/app/listing/[id]/page.tsx [Client Component Browser]
    ./src/app/listing/[id]/page.tsx [Server Component]

  Client Component SSR:
    ./src/app/listing/[id]/page.tsx [Client Component SSR]
    ./src/app/listing/[id]/page.tsx [Server Component] @ http://localhost:3000/_next/static/chunks/node_modules_next_dist_1ybzpk2._.js:3318
[  145888ms] [ERROR] Failed to load resource: the server responded with a status of 500 (Internal Server Error) @ http://localhost:3000/listing/543f2670-34c1-488c-8f9a-ea80fa23232c:0
[  146200ms] [INFO] %cDownload the React DevTools for a better development experience: https://react.dev/link/react-devtools font-weight:bold @ http://localhost:3000/_next/static/chunks/node_modules_react-dom_0kla17-._.js:15305
[  146388ms] Error: ./src/app/listing/[id]/page.tsx:433:13
Expected '</', got 'jsx text'
  431 |         )}
  432 |
> 433 |       </div>
      |             ^^^^^^^^^^^^^^^^^^^^^^^^^^^^^^^^^^^^^^^^^^^^^^^^^^^^^^^^^^^^^^^^^^^^^^^^^^^^^^^^
> 434 |
      | ^
> 435 |       {/* --- FULLSCREEN LIGHTBOX MODAL --- */}
      | ^^^^^^
  436 |       {lightboxOpen && displayPhotos.length > 0 && (
  437 |         <div className="fixed inset-0 z-50 flex items-center justify-center bg-black/90 b...
  438 |

Parsing ecmascript source code failed

Import traces:
  Client Component Browser:
    ./src/app/listing/[id]/page.tsx [Client Component Browser]
    ./src/app/listing/[id]/page.tsx [Server Component]

  Client Component SSR:
    ./src/app/listing/[id]/page.tsx [Client Component SSR]
    ./src/app/listing/[id]/page.tsx [Server Component]


    at <unknown> (Error: ./src/app/listing/[id]/page.tsx:433:13)
    at Object.getCompilationErrors (file://C:\Users\a\Documents\baspana-kz\node_modules\next\dist\server\dev\hot-reloader-turbopack.js:1186:59)
    at DevBundlerService.getCompilationError (file://C:\Users\a\Documents\baspana-kz\node_modules\next\dist\server\lib\dev-bundler-service.js:44:55)
    at DevServer.getCompilationError (file://C:\Users\a\Documents\baspana-kz\node_modules\next\dist\server\dev\next-dev-server.js:720:42)
    at DevServer.findPageComponents (file://C:\Users\a\Documents\baspana-kz\node_modules\next\dist\server\dev\next-dev-server.js:690:43)
    at async DevServer.renderErrorToResponseImpl (file://C:\Users\a\Documents\baspana-kz\node_modules\next\dist\server\base-server.js:1753:26)
[  146388ms] [LOG] [HMR] connected @ http://localhost:3000/_next/static/chunks/node_modules_next_dist_1gdrd03._.js:1226
[  146397ms] [ERROR] ./src/app/listing/[id]/page.tsx:433:13
Expected '</', got 'jsx text'
  431 |         )}
  432 |
> 433 |       </div>
      |             ^^^^^^^^^^^^^^^^^^^^^^^^^^^^^^^^^^^^^^^^^^^^^^^^^^^^^^^^^^^^^^^^^^^^^^^^^^^^^^^^
> 434 |
      | ^
> 435 |       {/* --- FULLSCREEN LIGHTBOX MODAL --- */}
      | ^^^^^^
  436 |       {lightboxOpen && displayPhotos.length > 0 && (
  437 |         <div className="fixed inset-0 z-50 flex items-center justify-center bg-black/90 b...
  438 |

Parsing ecmascript source code failed

Import traces:
  Client Component Browser:
    ./src/app/listing/[id]/page.tsx [Client Component Browser]
    ./src/app/listing/[id]/page.tsx [Server Component]

  Client Component SSR:
    ./src/app/listing/[id]/page.tsx [Client Component SSR]
    ./src/app/listing/[id]/page.tsx [Server Component] @ http://localhost:3000/_next/static/chunks/node_modules_next_dist_1gdrd03._.js:1945
[  146467ms] [ERROR] ./src/app/listing/[id]/page.tsx:433:13
Expected '</', got 'jsx text'
  431 |         )}
  432 |
> 433 |       </div>
      |             ^^^^^^^^^^^^^^^^^^^^^^^^^^^^^^^^^^^^^^^^^^^^^^^^^^^^^^^^^^^^^^^^^^^^^^^^^^^^^^^^
> 434 |
      | ^
> 435 |       {/* --- FULLSCREEN LIGHTBOX MODAL --- */}
      | ^^^^^^
  436 |       {lightboxOpen && displayPhotos.length > 0 && (
  437 |         <div className="fixed inset-0 z-50 flex items-center justify-center bg-black/90 b...
  438 |

Parsing ecmascript source code failed

Import traces:
  Client Component Browser:
    ./src/app/listing/[id]/page.tsx [Client Component Browser]
    ./src/app/listing/[id]/page.tsx [Server Component]

  Client Component SSR:
    ./src/app/listing/[id]/page.tsx [Client Component SSR]
    ./src/app/listing/[id]/page.tsx [Server Component] @ http://localhost:3000/_next/static/chunks/node_modules_next_dist_1gdrd03._.js:1945
[  146572ms] [ERROR] ./src/app/listing/[id]/page.tsx:433:13
Expected '</', got 'jsx text'
  431 |         )}
  432 |
> 433 |       </div>
      |             ^^^^^^^^^^^^^^^^^^^^^^^^^^^^^^^^^^^^^^^^^^^^^^^^^^^^^^^^^^^^^^^^^^^^^^^^^^^^^^^^
> 434 |
      | ^
> 435 |       {/* --- FULLSCREEN LIGHTBOX MODAL --- */}
      | ^^^^^^
  436 |       {lightboxOpen && displayPhotos.length > 0 && (
  437 |         <div className="fixed inset-0 z-50 flex items-center justify-center bg-black/90 b...
  438 |

Parsing ecmascript source code failed

Import traces:
  Client Component Browser:
    ./src/app/listing/[id]/page.tsx [Client Component Browser]
    ./src/app/listing/[id]/page.tsx [Server Component]

  Client Component SSR:
    ./src/app/listing/[id]/page.tsx [Client Component SSR]
    ./src/app/listing/[id]/page.tsx [Server Component] @ http://localhost:3000/_next/static/chunks/node_modules_next_dist_1gdrd03._.js:1945
[  146575ms] [LOG] [Fast Refresh] rebuilding @ http://localhost:3000/_next/static/chunks/node_modules_next_dist_1gdrd03._.js:1226
[  177175ms] [LOG] [Fast Refresh] rebuilding @ http://localhost:3000/_next/static/chunks/node_modules_next_dist_1gdrd03._.js:1226
[  177273ms] [ERROR] ./src/app/listing/[id]/page.tsx:433:13
Expected '</', got 'jsx text'
  431 |         )}
  432 |
> 433 |       </div>
      |             ^^^^^^^^^^^^^^^^^^^^^^^^^^^^^^^^^^^^^^^^^^^^^^^^^^^^^^^^^^^^^^^^^^^^^^^^^^^^^^^^
> 434 |
      | ^
> 435 |       {/* --- FULLSCREEN LIGHTBOX MODAL --- */}
      | ^^^^^^
  436 |       {lightboxOpen && displayPhotos.length > 0 && (
  437 |         <div className="fixed inset-0 z-50 flex items-center justify-center bg-black/90 b...
  438 |

Parsing ecmascript source code failed

Import traces:
  Client Component Browser:
    ./src/app/listing/[id]/page.tsx [Client Component Browser]
    ./src/app/listing/[id]/page.tsx [Server Component]

  Client Component SSR:
    ./src/app/listing/[id]/page.tsx [Client Component SSR]
    ./src/app/listing/[id]/page.tsx [Server Component] @ http://localhost:3000/_next/static/chunks/node_modules_next_dist_1gdrd03._.js:1945
[  200333ms] [LOG] [Fast Refresh] rebuilding @ http://localhost:3000/_next/static/chunks/node_modules_next_dist_1gdrd03._.js:1226
[  202584ms] [LOG] [Fast Refresh] done in 821ms @ http://localhost:3000/_next/static/chunks/node_modules_next_dist_1gdrd03._.js:1226
[  203467ms] [INFO] %cDownload the React DevTools for a better development experience: https://react.dev/link/react-devtools font-weight:bold @ http://localhost:3000/_next/static/chunks/node_modules_next_dist_1ybzpk2._.js:2477
[  203532ms] [LOG] [HMR] connected @ http://localhost:3000/_next/static/chunks/node_modules_next_dist_1ybzpk2._.js:2477
